mode: count
github.com/m-lukas/github-analyser/controller/controller.go:15.49,19.22 2 0
github.com/m-lukas/github-analyser/controller/controller.go:23.2,24.16 2 0
github.com/m-lukas/github-analyser/controller/controller.go:34.2,34.22 1 0
github.com/m-lukas/github-analyser/controller/controller.go:38.2,39.16 2 0
github.com/m-lukas/github-analyser/controller/controller.go:43.2,45.25 2 0
github.com/m-lukas/github-analyser/controller/controller.go:52.2,52.18 1 0
github.com/m-lukas/github-analyser/controller/controller.go:19.22,21.3 1 0
github.com/m-lukas/github-analyser/controller/controller.go:24.16,29.17 4 0
github.com/m-lukas/github-analyser/controller/controller.go:29.17,31.4 1 0
github.com/m-lukas/github-analyser/controller/controller.go:34.22,36.3 1 0
github.com/m-lukas/github-analyser/controller/controller.go:39.16,41.3 1 0
github.com/m-lukas/github-analyser/controller/controller.go:45.25,47.17 2 0
github.com/m-lukas/github-analyser/controller/controller.go:47.17,49.4 1 0
github.com/m-lukas/github-analyser/controller/fetching.go:11.51,18.27 4 0
github.com/m-lukas/github-analyser/controller/fetching.go:22.2,22.27 1 0
github.com/m-lukas/github-analyser/controller/fetching.go:26.2,29.6 3 0
github.com/m-lukas/github-analyser/controller/fetching.go:61.2,94.18 2 0
github.com/m-lukas/github-analyser/controller/fetching.go:18.27,20.3 1 0
github.com/m-lukas/github-analyser/controller/fetching.go:22.27,24.3 1 0
github.com/m-lukas/github-analyser/controller/fetching.go:29.6,30.10 1 0
github.com/m-lukas/github-analyser/controller/fetching.go:51.3,51.46 1 0
github.com/m-lukas/github-analyser/controller/fetching.go:55.3,55.64 1 0
github.com/m-lukas/github-analyser/controller/fetching.go:31.33,33.25 1 0
github.com/m-lukas/github-analyser/controller/fetching.go:39.32,41.25 1 0
github.com/m-lukas/github-analyser/controller/fetching.go:47.44,48.9 1 0
github.com/m-lukas/github-analyser/controller/fetching.go:33.25,35.5 1 0
github.com/m-lukas/github-analyser/controller/fetching.go:35.10,37.5 1 0
github.com/m-lukas/github-analyser/controller/fetching.go:41.25,43.5 1 0
github.com/m-lukas/github-analyser/controller/fetching.go:43.10,45.5 1 0
github.com/m-lukas/github-analyser/controller/fetching.go:51.46,52.9 1 0
github.com/m-lukas/github-analyser/controller/fetching.go:55.64,57.4 1 0
github.com/m-lukas/github-analyser/controller/score.go:10.54,17.2 3 1
github.com/m-lukas/github-analyser/controller/score.go:20.73,23.16 2 0
github.com/m-lukas/github-analyser/controller/score.go:27.2,27.32 1 0
github.com/m-lukas/github-analyser/controller/score.go:34.2,34.12 1 0
github.com/m-lukas/github-analyser/controller/score.go:23.16,25.3 1 0
github.com/m-lukas/github-analyser/controller/score.go:27.32,29.17 2 0
github.com/m-lukas/github-analyser/controller/score.go:29.17,31.4 1 0
github.com/m-lukas/github-analyser/controller/score.go:38.30,41.16 2 0
github.com/m-lukas/github-analyser/controller/score.go:44.2,48.16 3 0
github.com/m-lukas/github-analyser/controller/score.go:53.2,54.16 2 0
github.com/m-lukas/github-analyser/controller/score.go:59.2,59.33 1 0
github.com/m-lukas/github-analyser/controller/score.go:74.2,74.12 1 0
github.com/m-lukas/github-analyser/controller/score.go:41.16,43.3 1 0
github.com/m-lukas/github-analyser/controller/score.go:48.16,50.3 1 0
github.com/m-lukas/github-analyser/controller/score.go:54.16,56.3 1 0
github.com/m-lukas/github-analyser/controller/score.go:59.33,67.17 4 0
github.com/m-lukas/github-analyser/controller/score.go:71.3,71.57 1 0
github.com/m-lukas/github-analyser/controller/score.go:67.17,69.4 1 0
github.com/m-lukas/github-analyser/controller/score.go:77.75,98.2 17 1
github.com/m-lukas/github-analyser/controller/score.go:100.77,110.2 6 1
github.com/m-lukas/github-analyser/controller/score.go:112.67,135.2 2 1
github.com/m-lukas/github-analyser/controller/score.go:137.46,139.2 1 17
github.com/m-lukas/github-analyser/controller/testing.go:13.139,26.2 7 1
github.com/m-lukas/github-analyser/controller/testing.go:29.96,32.2 2 2
github.com/m-lukas/github-analyser/controller/testing.go:34.43,74.2 2 1
github.com/m-lukas/github-analyser/controller/testing.go:76.29,100.2 2 1
github.com/m-lukas/github-analyser/controller/caching.go:9.60,12.16 2 2
github.com/m-lukas/github-analyser/controller/caching.go:17.2,18.19 2 2
github.com/m-lukas/github-analyser/controller/caching.go:34.2,34.12 1 2
github.com/m-lukas/github-analyser/controller/caching.go:12.16,14.3 1 0
github.com/m-lukas/github-analyser/controller/caching.go:18.19,22.17 3 1
github.com/m-lukas/github-analyser/controller/caching.go:22.17,24.4 1 0
github.com/m-lukas/github-analyser/controller/caching.go:26.8,29.17 2 1
github.com/m-lukas/github-analyser/controller/caching.go:29.17,31.4 1 0
github.com/m-lukas/github-analyser/controller/caching.go:38.78,41.16 2 1
github.com/m-lukas/github-analyser/controller/caching.go:45.2,46.16 2 1
github.com/m-lukas/github-analyser/controller/caching.go:50.2,50.20 1 1
github.com/m-lukas/github-analyser/controller/caching.go:41.16,43.3 1 0
github.com/m-lukas/github-analyser/controller/caching.go:46.16,48.3 1 0
